Determining if the pthread_create exist failed with the following output:
Change Dir: /home/lone-pine/work/new-cities/build/CMakeFiles/CMakeTmp

Run Build Command:"/usr/bin/make" "cmTC_d7dcd/fast"
/usr/bin/make -f CMakeFiles/cmTC_d7dcd.dir/build.make CMakeFiles/cmTC_d7dcd.dir/build
make[1]: Entering directory '/home/lone-pine/work/new-cities/build/CMakeFiles/CMakeTmp'
Building C object CMakeFiles/cmTC_d7dcd.dir/CheckSymbolExists.c.o
/usr/bin/cc     -o CMakeFiles/cmTC_d7dcd.dir/CheckSymbolExists.c.o   -c /home/lone-pine/work/new-cities/build/CMakeFiles/CMakeTmp/CheckSymbolExists.c
Linking C executable cmTC_d7dcd
/usr/bin/cmake -E cmake_link_script CMakeFiles/cmTC_d7dcd.dir/link.txt --verbose=1
/usr/bin/cc       CMakeFiles/cmTC_d7dcd.dir/CheckSymbolExists.c.o  -o cmTC_d7dcd -rdynamic 
CMakeFiles/cmTC_d7dcd.dir/CheckSymbolExists.c.o: In function `main':
CheckSymbolExists.c:(.text+0x16): undefined reference to `pthread_create'
collect2: error: ld returned 1 exit status
CMakeFiles/cmTC_d7dcd.dir/build.make:97: recipe for target 'cmTC_d7dcd' failed
make[1]: *** [cmTC_d7dcd] Error 1
make[1]: Leaving directory '/home/lone-pine/work/new-cities/build/CMakeFiles/CMakeTmp'
Makefile:126: recipe for target 'cmTC_d7dcd/fast' failed
make: *** [cmTC_d7dcd/fast] Error 2

File /home/lone-pine/work/new-cities/build/CMakeFiles/CMakeTmp/CheckSymbolExists.c:
/* */
#include <pthread.h>

int main(int argc, char** argv)
{
  (void)argv;
#ifndef pthread_create
  return ((int*)(&pthread_create))[argc];
#else
  (void)argc;
  return 0;
#endif
}

Determining if the function pthread_create exists in the pthreads failed with the following output:
Change Dir: /home/lone-pine/work/new-cities/build/CMakeFiles/CMakeTmp

Run Build Command:"/usr/bin/make" "cmTC_80886/fast"
/usr/bin/make -f CMakeFiles/cmTC_80886.dir/build.make CMakeFiles/cmTC_80886.dir/build
make[1]: Entering directory '/home/lone-pine/work/new-cities/build/CMakeFiles/CMakeTmp'
Building C object CMakeFiles/cmTC_80886.dir/CheckFunctionExists.c.o
/usr/bin/cc    -DCHECK_FUNCTION_EXISTS=pthread_create   -o CMakeFiles/cmTC_80886.dir/CheckFunctionExists.c.o   -c /usr/share/cmake-3.5/Modules/CheckFunctionExists.c
Linking C executable cmTC_80886
/usr/bin/cmake -E cmake_link_script CMakeFiles/cmTC_80886.dir/link.txt --verbose=1
/usr/bin/cc   -DCHECK_FUNCTION_EXISTS=pthread_create    CMakeFiles/cmTC_80886.dir/CheckFunctionExists.c.o  -o cmTC_80886 -rdynamic -lpthreads 
/usr/bin/ld: cannot find -lpthreads
collect2: error: ld returned 1 exit status
CMakeFiles/cmTC_80886.dir/build.make:97: recipe for target 'cmTC_80886' failed
make[1]: *** [cmTC_80886] Error 1
make[1]: Leaving directory '/home/lone-pine/work/new-cities/build/CMakeFiles/CMakeTmp'
Makefile:126: recipe for target 'cmTC_80886/fast' failed
make: *** [cmTC_80886/fast] Error 2


Determining if the pthread_create exist failed with the following output:
Change Dir: /home/lone-pine/work/new-cities/build/CMakeFiles/CMakeTmp

Run Build Command:"/usr/bin/make" "cmTC_1de6c/fast"
/usr/bin/make -f CMakeFiles/cmTC_1de6c.dir/build.make CMakeFiles/cmTC_1de6c.dir/build
make[1]: Entering directory '/home/lone-pine/work/new-cities/build/CMakeFiles/CMakeTmp'
Building C object CMakeFiles/cmTC_1de6c.dir/CheckSymbolExists.c.o
/usr/bin/cc     -o CMakeFiles/cmTC_1de6c.dir/CheckSymbolExists.c.o   -c /home/lone-pine/work/new-cities/build/CMakeFiles/CMakeTmp/CheckSymbolExists.c
Linking C executable cmTC_1de6c
/usr/bin/cmake -E cmake_link_script CMakeFiles/cmTC_1de6c.dir/link.txt --verbose=1
/usr/bin/cc       CMakeFiles/cmTC_1de6c.dir/CheckSymbolExists.c.o  -o cmTC_1de6c -rdynamic 
CMakeFiles/cmTC_1de6c.dir/CheckSymbolExists.c.o: In function `main':
CheckSymbolExists.c:(.text+0x16): undefined reference to `pthread_create'
collect2: error: ld returned 1 exit status
CMakeFiles/cmTC_1de6c.dir/build.make:97: recipe for target 'cmTC_1de6c' failed
make[1]: *** [cmTC_1de6c] Error 1
make[1]: Leaving directory '/home/lone-pine/work/new-cities/build/CMakeFiles/CMakeTmp'
Makefile:126: recipe for target 'cmTC_1de6c/fast' failed
make: *** [cmTC_1de6c/fast] Error 2

File /home/lone-pine/work/new-cities/build/CMakeFiles/CMakeTmp/CheckSymbolExists.c:
/* */
#include <pthread.h>

int main(int argc, char** argv)
{
  (void)argv;
#ifndef pthread_create
  return ((int*)(&pthread_create))[argc];
#else
  (void)argc;
  return 0;
#endif
}

Determining if the function pthread_create exists in the pthreads failed with the following output:
Change Dir: /home/lone-pine/work/new-cities/build/CMakeFiles/CMakeTmp

Run Build Command:"/usr/bin/make" "cmTC_12bb7/fast"
/usr/bin/make -f CMakeFiles/cmTC_12bb7.dir/build.make CMakeFiles/cmTC_12bb7.dir/build
make[1]: Entering directory '/home/lone-pine/work/new-cities/build/CMakeFiles/CMakeTmp'
Building C object CMakeFiles/cmTC_12bb7.dir/CheckFunctionExists.c.o
/usr/bin/cc    -DCHECK_FUNCTION_EXISTS=pthread_create   -o CMakeFiles/cmTC_12bb7.dir/CheckFunctionExists.c.o   -c /usr/share/cmake-3.5/Modules/CheckFunctionExists.c
Linking C executable cmTC_12bb7
/usr/bin/cmake -E cmake_link_script CMakeFiles/cmTC_12bb7.dir/link.txt --verbose=1
/usr/bin/cc   -DCHECK_FUNCTION_EXISTS=pthread_create    CMakeFiles/cmTC_12bb7.dir/CheckFunctionExists.c.o  -o cmTC_12bb7 -rdynamic -lpthreads 
/usr/bin/ld: cannot find -lpthreads
collect2: error: ld returned 1 exit status
CMakeFiles/cmTC_12bb7.dir/build.make:97: recipe for target 'cmTC_12bb7' failed
make[1]: *** [cmTC_12bb7] Error 1
make[1]: Leaving directory '/home/lone-pine/work/new-cities/build/CMakeFiles/CMakeTmp'
Makefile:126: recipe for target 'cmTC_12bb7/fast' failed
make: *** [cmTC_12bb7/fast] Error 2


