The system is: Linux - 4.4.0-127-generic - x86_64
Compiling the C compiler identification source file "CMakeCCompilerId.c" succeeded.
Compiler: /usr/bin/cc 
Build flags: 
Id flags: 

The output was:
0


Compilation of the C compiler identification source "CMakeCCompilerId.c" produced "a.out"

The C compiler identification is GNU, found in "/home/lone-pine/work/new-cities/build/CMakeFiles/3.5.1/CompilerIdC/a.out"

Compiling the CXX compiler identification source file "CMakeCXXCompilerId.cpp" succeeded.
Compiler: /usr/bin/c++ 
Build flags: 
Id flags: 

The output was:
0


Compilation of the CXX compiler identification source "CMakeCXXCompilerId.cpp" produced "a.out"

The CXX compiler identification is GNU, found in "/home/lone-pine/work/new-cities/build/CMakeFiles/3.5.1/CompilerIdCXX/a.out"

Determining if the C compiler works passed with the following output:
Change Dir: /home/lone-pine/work/new-cities/build/CMakeFiles/CMakeTmp

Run Build Command:"/usr/bin/make" "cmTC_69952/fast"
/usr/bin/make -f CMakeFiles/cmTC_69952.dir/build.make CMakeFiles/cmTC_69952.dir/build
make[1]: Entering directory '/home/lone-pine/work/new-cities/build/CMakeFiles/CMakeTmp'
Building C object CMakeFiles/cmTC_69952.dir/testCCompiler.c.o
/usr/bin/cc     -o CMakeFiles/cmTC_69952.dir/testCCompiler.c.o   -c /home/lone-pine/work/new-cities/build/CMakeFiles/CMakeTmp/testCCompiler.c
Linking C executable cmTC_69952
/usr/bin/cmake -E cmake_link_script CMakeFiles/cmTC_69952.dir/link.txt --verbose=1
/usr/bin/cc       CMakeFiles/cmTC_69952.dir/testCCompiler.c.o  -o cmTC_69952 -rdynamic 
make[1]: Leaving directory '/home/lone-pine/work/new-cities/build/CMakeFiles/CMakeTmp'


Detecting C compiler ABI info compiled with the following output:
Change Dir: /home/lone-pine/work/new-cities/build/CMakeFiles/CMakeTmp

Run Build Command:"/usr/bin/make" "cmTC_77ec3/fast"
/usr/bin/make -f CMakeFiles/cmTC_77ec3.dir/build.make CMakeFiles/cmTC_77ec3.dir/build
make[1]: Entering directory '/home/lone-pine/work/new-cities/build/CMakeFiles/CMakeTmp'
Building C object CMakeFiles/cmTC_77ec3.dir/CMakeCCompilerABI.c.o
/usr/bin/cc     -o CMakeFiles/cmTC_77ec3.dir/CMakeCCompilerABI.c.o   -c /usr/share/cmake-3.5/Modules/CMakeCCompilerABI.c
Linking C executable cmTC_77ec3
/usr/bin/cmake -E cmake_link_script CMakeFiles/cmTC_77ec3.dir/link.txt --verbose=1
/usr/bin/cc      -v CMakeFiles/cmTC_77ec3.dir/CMakeCCompilerABI.c.o  -o cmTC_77ec3 -rdynamic  
Using built-in specs.
COLLECT_GCC=/usr/bin/cc
COLLECT_LTO_WRAPPER=/usr/lib/gcc/x86_64-linux-gnu/5/lto-wrapper
Target: x86_64-linux-gnu
Configured with: ../src/configure -v --with-pkgversion='Ubuntu 5.4.0-6ubuntu1~16.04.9' --with-bugurl=file:///usr/share/doc/gcc-5/README.Bugs --enable-languages=c,ada,c++,java,go,d,fortran,objc,obj-c++ --prefix=/usr --program-suffix=-5 --enable-shared --enable-linker-build-id --libexecdir=/usr/lib --without-included-gettext --enable-threads=posix --libdir=/usr/lib --enable-nls --with-sysroot=/ --enable-clocale=gnu --enable-libstdcxx-debug --enable-libstdcxx-time=yes --with-default-libstdcxx-abi=new --enable-gnu-unique-object --disable-vtable-verify --enable-libmpx --enable-plugin --with-system-zlib --disable-browser-plugin --enable-java-awt=gtk --enable-gtk-cairo --with-java-home=/usr/lib/jvm/java-1.5.0-gcj-5-amd64/jre --enable-java-home --with-jvm-root-dir=/usr/lib/jvm/java-1.5.0-gcj-5-amd64 --with-jvm-jar-dir=/usr/lib/jvm-exports/java-1.5.0-gcj-5-amd64 --with-arch-directory=amd64 --with-ecj-jar=/usr/share/java/eclipse-ecj.jar --enable-objc-gc --enable-multiarch --disable-werror --with-arch-32=i686 --with-abi=m64 --with-multilib-list=m32,m64,mx32 --enable-multilib --with-tune=generic --enable-checking=release --build=x86_64-linux-gnu --host=x86_64-linux-gnu --target=x86_64-linux-gnu
Thread model: posix
gcc version 5.4.0 20160609 (Ubuntu 5.4.0-6ubuntu1~16.04.9) 
COMPILER_PATH=/usr/lib/gcc/x86_64-linux-gnu/5/:/usr/lib/gcc/x86_64-linux-gnu/5/:/usr/lib/gcc/x86_64-linux-gnu/:/usr/lib/gcc/x86_64-linux-gnu/5/:/usr/lib/gcc/x86_64-linux-gnu/
LIBRARY_PATH=/usr/lib/gcc/x86_64-linux-gnu/5/:/usr/lib/gcc/x86_64-linux-gnu/5/../../../x86_64-linux-gnu/:/usr/lib/gcc/x86_64-linux-gnu/5/../../../../lib/:/lib/x86_64-linux-gnu/:/lib/../lib/:/usr/lib/x86_64-linux-gnu/:/usr/lib/../lib/:/usr/lib/gcc/x86_64-linux-gnu/5/../../../:/lib/:/usr/lib/
COLLECT_GCC_OPTIONS='-v' '-o' 'cmTC_77ec3' '-rdynamic' '-mtune=generic' '-march=x86-64'
 /usr/lib/gcc/x86_64-linux-gnu/5/collect2 -plugin /usr/lib/gcc/x86_64-linux-gnu/5/liblto_plugin.so -plugin-opt=/usr/lib/gcc/x86_64-linux-gnu/5/lto-wrapper -plugin-opt=-fresolution=/tmp/ccpLa8Qe.res -plugin-opt=-pass-through=-lgcc -plugin-opt=-pass-through=-lgcc_s -plugin-opt=-pass-through=-lc -plugin-opt=-pass-through=-lgcc -plugin-opt=-pass-through=-lgcc_s --sysroot=/ --build-id --eh-frame-hdr -m elf_x86_64 --hash-style=gnu --as-needed -export-dynamic -dynamic-linker /lib64/ld-linux-x86-64.so.2 -z relro -o cmTC_77ec3 /usr/lib/gcc/x86_64-linux-gnu/5/../../../x86_64-linux-gnu/crt1.o /usr/lib/gcc/x86_64-linux-gnu/5/../../../x86_64-linux-gnu/crti.o /usr/lib/gcc/x86_64-linux-gnu/5/crtbegin.o -L/usr/lib/gcc/x86_64-linux-gnu/5 -L/usr/lib/gcc/x86_64-linux-gnu/5/../../../x86_64-linux-gnu -L/usr/lib/gcc/x86_64-linux-gnu/5/../../../../lib -L/lib/x86_64-linux-gnu -L/lib/../lib -L/usr/lib/x86_64-linux-gnu -L/usr/lib/../lib -L/usr/lib/gcc/x86_64-linux-gnu/5/../../.. CMakeFiles/cmTC_77ec3.dir/CMakeCCompilerABI.c.o -lgcc --as-needed -lgcc_s --no-as-needed -lc -lgcc --as-needed -lgcc_s --no-as-needed /usr/lib/gcc/x86_64-linux-gnu/5/crtend.o /usr/lib/gcc/x86_64-linux-gnu/5/../../../x86_64-linux-gnu/crtn.o
make[1]: Leaving directory '/home/lone-pine/work/new-cities/build/CMakeFiles/CMakeTmp'


Parsed C implicit link information from above output:
  link line regex: [^( *|.*[/\])(ld|([^/\]+-)?ld|collect2)[^/\]*( |$)]
  ignore line: [Change Dir: /home/lone-pine/work/new-cities/build/CMakeFiles/CMakeTmp]
  ignore line: []
  ignore line: [Run Build Command:"/usr/bin/make" "cmTC_77ec3/fast"]
  ignore line: [/usr/bin/make -f CMakeFiles/cmTC_77ec3.dir/build.make CMakeFiles/cmTC_77ec3.dir/build]
  ignore line: [make[1]: Entering directory '/home/lone-pine/work/new-cities/build/CMakeFiles/CMakeTmp']
  ignore line: [Building C object CMakeFiles/cmTC_77ec3.dir/CMakeCCompilerABI.c.o]
  ignore line: [/usr/bin/cc     -o CMakeFiles/cmTC_77ec3.dir/CMakeCCompilerABI.c.o   -c /usr/share/cmake-3.5/Modules/CMakeCCompilerABI.c]
  ignore line: [Linking C executable cmTC_77ec3]
  ignore line: [/usr/bin/cmake -E cmake_link_script CMakeFiles/cmTC_77ec3.dir/link.txt --verbose=1]
  ignore line: [/usr/bin/cc      -v CMakeFiles/cmTC_77ec3.dir/CMakeCCompilerABI.c.o  -o cmTC_77ec3 -rdynamic  ]
  ignore line: [Using built-in specs.]
  ignore line: [COLLECT_GCC=/usr/bin/cc]
  ignore line: [COLLECT_LTO_WRAPPER=/usr/lib/gcc/x86_64-linux-gnu/5/lto-wrapper]
  ignore line: [Target: x86_64-linux-gnu]
  ignore line: [Configured with: ../src/configure -v --with-pkgversion='Ubuntu 5.4.0-6ubuntu1~16.04.9' --with-bugurl=file:///usr/share/doc/gcc-5/README.Bugs --enable-languages=c,ada,c++,java,go,d,fortran,objc,obj-c++ --prefix=/usr --program-suffix=-5 --enable-shared --enable-linker-build-id --libexecdir=/usr/lib --without-included-gettext --enable-threads=posix --libdir=/usr/lib --enable-nls --with-sysroot=/ --enable-clocale=gnu --enable-libstdcxx-debug --enable-libstdcxx-time=yes --with-default-libstdcxx-abi=new --enable-gnu-unique-object --disable-vtable-verify --enable-libmpx --enable-plugin --with-system-zlib --disable-browser-plugin --enable-java-awt=gtk --enable-gtk-cairo --with-java-home=/usr/lib/jvm/java-1.5.0-gcj-5-amd64/jre --enable-java-home --with-jvm-root-dir=/usr/lib/jvm/java-1.5.0-gcj-5-amd64 --with-jvm-jar-dir=/usr/lib/jvm-exports/java-1.5.0-gcj-5-amd64 --with-arch-directory=amd64 --with-ecj-jar=/usr/share/java/eclipse-ecj.jar --enable-objc-gc --enable-multiarch --disable-werror --with-arch-32=i686 --with-abi=m64 --with-multilib-list=m32,m64,mx32 --enable-multilib --with-tune=generic --enable-checking=release --build=x86_64-linux-gnu --host=x86_64-linux-gnu --target=x86_64-linux-gnu]
  ignore line: [Thread model: posix]
  ignore line: [gcc version 5.4.0 20160609 (Ubuntu 5.4.0-6ubuntu1~16.04.9) ]
  ignore line: [COMPILER_PATH=/usr/lib/gcc/x86_64-linux-gnu/5/:/usr/lib/gcc/x86_64-linux-gnu/5/:/usr/lib/gcc/x86_64-linux-gnu/:/usr/lib/gcc/x86_64-linux-gnu/5/:/usr/lib/gcc/x86_64-linux-gnu/]
  ignore line: [LIBRARY_PATH=/usr/lib/gcc/x86_64-linux-gnu/5/:/usr/lib/gcc/x86_64-linux-gnu/5/../../../x86_64-linux-gnu/:/usr/lib/gcc/x86_64-linux-gnu/5/../../../../lib/:/lib/x86_64-linux-gnu/:/lib/../lib/:/usr/lib/x86_64-linux-gnu/:/usr/lib/../lib/:/usr/lib/gcc/x86_64-linux-gnu/5/../../../:/lib/:/usr/lib/]
  ignore line: [COLLECT_GCC_OPTIONS='-v' '-o' 'cmTC_77ec3' '-rdynamic' '-mtune=generic' '-march=x86-64']
  link line: [ /usr/lib/gcc/x86_64-linux-gnu/5/collect2 -plugin /usr/lib/gcc/x86_64-linux-gnu/5/liblto_plugin.so -plugin-opt=/usr/lib/gcc/x86_64-linux-gnu/5/lto-wrapper -plugin-opt=-fresolution=/tmp/ccpLa8Qe.res -plugin-opt=-pass-through=-lgcc -plugin-opt=-pass-through=-lgcc_s -plugin-opt=-pass-through=-lc -plugin-opt=-pass-through=-lgcc -plugin-opt=-pass-through=-lgcc_s --sysroot=/ --build-id --eh-frame-hdr -m elf_x86_64 --hash-style=gnu --as-needed -export-dynamic -dynamic-linker /lib64/ld-linux-x86-64.so.2 -z relro -o cmTC_77ec3 /usr/lib/gcc/x86_64-linux-gnu/5/../../../x86_64-linux-gnu/crt1.o /usr/lib/gcc/x86_64-linux-gnu/5/../../../x86_64-linux-gnu/crti.o /usr/lib/gcc/x86_64-linux-gnu/5/crtbegin.o -L/usr/lib/gcc/x86_64-linux-gnu/5 -L/usr/lib/gcc/x86_64-linux-gnu/5/../../../x86_64-linux-gnu -L/usr/lib/gcc/x86_64-linux-gnu/5/../../../../lib -L/lib/x86_64-linux-gnu -L/lib/../lib -L/usr/lib/x86_64-linux-gnu -L/usr/lib/../lib -L/usr/lib/gcc/x86_64-linux-gnu/5/../../.. CMakeFiles/cmTC_77ec3.dir/CMakeCCompilerABI.c.o -lgcc --as-needed -lgcc_s --no-as-needed -lc -lgcc --as-needed -lgcc_s --no-as-needed /usr/lib/gcc/x86_64-linux-gnu/5/crtend.o /usr/lib/gcc/x86_64-linux-gnu/5/../../../x86_64-linux-gnu/crtn.o]
    arg [/usr/lib/gcc/x86_64-linux-gnu/5/collect2] ==> ignore
    arg [-plugin] ==> ignore
    arg [/usr/lib/gcc/x86_64-linux-gnu/5/liblto_plugin.so] ==> ignore
    arg [-plugin-opt=/usr/lib/gcc/x86_64-linux-gnu/5/lto-wrapper] ==> ignore
    arg [-plugin-opt=-fresolution=/tmp/ccpLa8Qe.res] ==> ignore
    arg [-plugin-opt=-pass-through=-lgcc] ==> ignore
    arg [-plugin-opt=-pass-through=-lgcc_s] ==> ignore
    arg [-plugin-opt=-pass-through=-lc] ==> ignore
    arg [-plugin-opt=-pass-through=-lgcc] ==> ignore
    arg [-plugin-opt=-pass-through=-lgcc_s] ==> ignore
    arg [--sysroot=/] ==> ignore
    arg [--build-id] ==> ignore
    arg [--eh-frame-hdr] ==> ignore
    arg [-m] ==> ignore
    arg [elf_x86_64] ==> ignore
    arg [--hash-style=gnu] ==> ignore
    arg [--as-needed] ==> ignore
    arg [-export-dynamic] ==> ignore
    arg [-dynamic-linker] ==> ignore
    arg [/lib64/ld-linux-x86-64.so.2] ==> ignore
    arg [-zrelro] ==> ignore
    arg [-o] ==> ignore
    arg [cmTC_77ec3] ==> ignore
    arg [/usr/lib/gcc/x86_64-linux-gnu/5/../../../x86_64-linux-gnu/crt1.o] ==> ignore
    arg [/usr/lib/gcc/x86_64-linux-gnu/5/../../../x86_64-linux-gnu/crti.o] ==> ignore
    arg [/usr/lib/gcc/x86_64-linux-gnu/5/crtbegin.o] ==> ignore
    arg [-L/usr/lib/gcc/x86_64-linux-gnu/5] ==> dir [/usr/lib/gcc/x86_64-linux-gnu/5]
    arg [-L/usr/lib/gcc/x86_64-linux-gnu/5/../../../x86_64-linux-gnu] ==> dir [/usr/lib/gcc/x86_64-linux-gnu/5/../../../x86_64-linux-gnu]
    arg [-L/usr/lib/gcc/x86_64-linux-gnu/5/../../../../lib] ==> dir [/usr/lib/gcc/x86_64-linux-gnu/5/../../../../lib]
    arg [-L/lib/x86_64-linux-gnu] ==> dir [/lib/x86_64-linux-gnu]
    arg [-L/lib/../lib] ==> dir [/lib/../lib]
    arg [-L/usr/lib/x86_64-linux-gnu] ==> dir [/usr/lib/x86_64-linux-gnu]
    arg [-L/usr/lib/../lib] ==> dir [/usr/lib/../lib]
    arg [-L/usr/lib/gcc/x86_64-linux-gnu/5/../../..] ==> dir [/usr/lib/gcc/x86_64-linux-gnu/5/../../..]
    arg [CMakeFiles/cmTC_77ec3.dir/CMakeCCompilerABI.c.o] ==> ignore
    arg [-lgcc] ==> lib [gcc]
    arg [--as-needed] ==> ignore
    arg [-lgcc_s] ==> lib [gcc_s]
    arg [--no-as-needed] ==> ignore
    arg [-lc] ==> lib [c]
    arg [-lgcc] ==> lib [gcc]
    arg [--as-needed] ==> ignore
    arg [-lgcc_s] ==> lib [gcc_s]
    arg [--no-as-needed] ==> ignore
    arg [/usr/lib/gcc/x86_64-linux-gnu/5/crtend.o] ==> ignore
    arg [/usr/lib/gcc/x86_64-linux-gnu/5/../../../x86_64-linux-gnu/crtn.o] ==> ignore
  remove lib [gcc]
  remove lib [gcc_s]
  remove lib [gcc]
  remove lib [gcc_s]
  collapse library dir [/usr/lib/gcc/x86_64-linux-gnu/5] ==> [/usr/lib/gcc/x86_64-linux-gnu/5]
  collapse library dir [/usr/lib/gcc/x86_64-linux-gnu/5/../../../x86_64-linux-gnu] ==> [/usr/lib/x86_64-linux-gnu]
  collapse library dir [/usr/lib/gcc/x86_64-linux-gnu/5/../../../../lib] ==> [/usr/lib]
  collapse library dir [/lib/x86_64-linux-gnu] ==> [/lib/x86_64-linux-gnu]
  collapse library dir [/lib/../lib] ==> [/lib]
  collapse library dir [/usr/lib/x86_64-linux-gnu] ==> [/usr/lib/x86_64-linux-gnu]
  collapse library dir [/usr/lib/../lib] ==> [/usr/lib]
  collapse library dir [/usr/lib/gcc/x86_64-linux-gnu/5/../../..] ==> [/usr/lib]
  implicit libs: [c]
  implicit dirs: [/usr/lib/gcc/x86_64-linux-gnu/5;/usr/lib/x86_64-linux-gnu;/usr/lib;/lib/x86_64-linux-gnu;/lib]
  implicit fwks: []




Detecting C [-std=c11] compiler features compiled with the following output:
Change Dir: /home/lone-pine/work/new-cities/build/CMakeFiles/CMakeTmp

Run Build Command:"/usr/bin/make" "cmTC_8dc02/fast"
/usr/bin/make -f CMakeFiles/cmTC_8dc02.dir/build.make CMakeFiles/cmTC_8dc02.dir/build
make[1]: Entering directory '/home/lone-pine/work/new-cities/build/CMakeFiles/CMakeTmp'
Building C object CMakeFiles/cmTC_8dc02.dir/feature_tests.c.o
/usr/bin/cc    -std=c11 -o CMakeFiles/cmTC_8dc02.dir/feature_tests.c.o   -c /home/lone-pine/work/new-cities/build/CMakeFiles/feature_tests.c
Linking C executable cmTC_8dc02
/usr/bin/cmake -E cmake_link_script CMakeFiles/cmTC_8dc02.dir/link.txt --verbose=1
/usr/bin/cc       CMakeFiles/cmTC_8dc02.dir/feature_tests.c.o  -o cmTC_8dc02 -rdynamic 
make[1]: Leaving directory '/home/lone-pine/work/new-cities/build/CMakeFiles/CMakeTmp'


    Feature record: C_FEATURE:1c_function_prototypes
    Feature record: C_FEATURE:1c_restrict
    Feature record: C_FEATURE:1c_static_assert
    Feature record: C_FEATURE:1c_variadic_macros


Detecting C [-std=c99] compiler features compiled with the following output:
Change Dir: /home/lone-pine/work/new-cities/build/CMakeFiles/CMakeTmp

Run Build Command:"/usr/bin/make" "cmTC_5b552/fast"
/usr/bin/make -f CMakeFiles/cmTC_5b552.dir/build.make CMakeFiles/cmTC_5b552.dir/build
make[1]: Entering directory '/home/lone-pine/work/new-cities/build/CMakeFiles/CMakeTmp'
Building C object CMakeFiles/cmTC_5b552.dir/feature_tests.c.o
/usr/bin/cc    -std=c99 -o CMakeFiles/cmTC_5b552.dir/feature_tests.c.o   -c /home/lone-pine/work/new-cities/build/CMakeFiles/feature_tests.c
Linking C executable cmTC_5b552
/usr/bin/cmake -E cmake_link_script CMakeFiles/cmTC_5b552.dir/link.txt --verbose=1
/usr/bin/cc       CMakeFiles/cmTC_5b552.dir/feature_tests.c.o  -o cmTC_5b552 -rdynamic 
make[1]: Leaving directory '/home/lone-pine/work/new-cities/build/CMakeFiles/CMakeTmp'


    Feature record: C_FEATURE:1c_function_prototypes
    Feature record: C_FEATURE:1c_restrict
    Feature record: C_FEATURE:0c_static_assert
    Feature record: C_FEATURE:1c_variadic_macros


Detecting C [-std=c90] compiler features compiled with the following output:
Change Dir: /home/lone-pine/work/new-cities/build/CMakeFiles/CMakeTmp

Run Build Command:"/usr/bin/make" "cmTC_4365c/fast"
/usr/bin/make -f CMakeFiles/cmTC_4365c.dir/build.make CMakeFiles/cmTC_4365c.dir/build
make[1]: Entering directory '/home/lone-pine/work/new-cities/build/CMakeFiles/CMakeTmp'
Building C object CMakeFiles/cmTC_4365c.dir/feature_tests.c.o
/usr/bin/cc    -std=c90 -o CMakeFiles/cmTC_4365c.dir/feature_tests.c.o   -c /home/lone-pine/work/new-cities/build/CMakeFiles/feature_tests.c
Linking C executable cmTC_4365c
/usr/bin/cmake -E cmake_link_script CMakeFiles/cmTC_4365c.dir/link.txt --verbose=1
/usr/bin/cc       CMakeFiles/cmTC_4365c.dir/feature_tests.c.o  -o cmTC_4365c -rdynamic 
make[1]: Leaving directory '/home/lone-pine/work/new-cities/build/CMakeFiles/CMakeTmp'


    Feature record: C_FEATURE:1c_function_prototypes
    Feature record: C_FEATURE:0c_restrict
    Feature record: C_FEATURE:0c_static_assert
    Feature record: C_FEATURE:0c_variadic_macros
Determining if the CXX compiler works passed with the following output:
Change Dir: /home/lone-pine/work/new-cities/build/CMakeFiles/CMakeTmp

Run Build Command:"/usr/bin/make" "cmTC_f15b7/fast"
/usr/bin/make -f CMakeFiles/cmTC_f15b7.dir/build.make CMakeFiles/cmTC_f15b7.dir/build
make[1]: Entering directory '/home/lone-pine/work/new-cities/build/CMakeFiles/CMakeTmp'
Building CXX object CMakeFiles/cmTC_f15b7.dir/testCXXCompiler.cxx.o
/usr/bin/c++      -o CMakeFiles/cmTC_f15b7.dir/testCXXCompiler.cxx.o -c /home/lone-pine/work/new-cities/build/CMakeFiles/CMakeTmp/testCXXCompiler.cxx
Linking CXX executable cmTC_f15b7
/usr/bin/cmake -E cmake_link_script CMakeFiles/cmTC_f15b7.dir/link.txt --verbose=1
/usr/bin/c++        CMakeFiles/cmTC_f15b7.dir/testCXXCompiler.cxx.o  -o cmTC_f15b7 -rdynamic 
make[1]: Leaving directory '/home/lone-pine/work/new-cities/build/CMakeFiles/CMakeTmp'


Detecting CXX compiler ABI info compiled with the following output:
Change Dir: /home/lone-pine/work/new-cities/build/CMakeFiles/CMakeTmp

Run Build Command:"/usr/bin/make" "cmTC_ed6e1/fast"
/usr/bin/make -f CMakeFiles/cmTC_ed6e1.dir/build.make CMakeFiles/cmTC_ed6e1.dir/build
make[1]: Entering directory '/home/lone-pine/work/new-cities/build/CMakeFiles/CMakeTmp'
Building CXX object CMakeFiles/cmTC_ed6e1.dir/CMakeCXXCompilerABI.cpp.o
/usr/bin/c++      -o CMakeFiles/cmTC_ed6e1.dir/CMakeCXXCompilerABI.cpp.o -c /usr/share/cmake-3.5/Modules/CMakeCXXCompilerABI.cpp
Linking CXX executable cmTC_ed6e1
/usr/bin/cmake -E cmake_link_script CMakeFiles/cmTC_ed6e1.dir/link.txt --verbose=1
/usr/bin/c++       -v CMakeFiles/cmTC_ed6e1.dir/CMakeCXXCompilerABI.cpp.o  -o cmTC_ed6e1 -rdynamic  
Using built-in specs.
COLLECT_GCC=/usr/bin/c++
COLLECT_LTO_WRAPPER=/usr/lib/gcc/x86_64-linux-gnu/5/lto-wrapper
Target: x86_64-linux-gnu
Configured with: ../src/configure -v --with-pkgversion='Ubuntu 5.4.0-6ubuntu1~16.04.9' --with-bugurl=file:///usr/share/doc/gcc-5/README.Bugs --enable-languages=c,ada,c++,java,go,d,fortran,objc,obj-c++ --prefix=/usr --program-suffix=-5 --enable-shared --enable-linker-build-id --libexecdir=/usr/lib --without-included-gettext --enable-threads=posix --libdir=/usr/lib --enable-nls --with-sysroot=/ --enable-clocale=gnu --enable-libstdcxx-debug --enable-libstdcxx-time=yes --with-default-libstdcxx-abi=new --enable-gnu-unique-object --disable-vtable-verify --enable-libmpx --enable-plugin --with-system-zlib --disable-browser-plugin --enable-java-awt=gtk --enable-gtk-cairo --with-java-home=/usr/lib/jvm/java-1.5.0-gcj-5-amd64/jre --enable-java-home --with-jvm-root-dir=/usr/lib/jvm/java-1.5.0-gcj-5-amd64 --with-jvm-jar-dir=/usr/lib/jvm-exports/java-1.5.0-gcj-5-amd64 --with-arch-directory=amd64 --with-ecj-jar=/usr/share/java/eclipse-ecj.jar --enable-objc-gc --enable-multiarch --disable-werror --with-arch-32=i686 --with-abi=m64 --with-multilib-list=m32,m64,mx32 --enable-multilib --with-tune=generic --enable-checking=release --build=x86_64-linux-gnu --host=x86_64-linux-gnu --target=x86_64-linux-gnu
Thread model: posix
gcc version 5.4.0 20160609 (Ubuntu 5.4.0-6ubuntu1~16.04.9) 
COMPILER_PATH=/usr/lib/gcc/x86_64-linux-gnu/5/:/usr/lib/gcc/x86_64-linux-gnu/5/:/usr/lib/gcc/x86_64-linux-gnu/:/usr/lib/gcc/x86_64-linux-gnu/5/:/usr/lib/gcc/x86_64-linux-gnu/
LIBRARY_PATH=/usr/lib/gcc/x86_64-linux-gnu/5/:/usr/lib/gcc/x86_64-linux-gnu/5/../../../x86_64-linux-gnu/:/usr/lib/gcc/x86_64-linux-gnu/5/../../../../lib/:/lib/x86_64-linux-gnu/:/lib/../lib/:/usr/lib/x86_64-linux-gnu/:/usr/lib/../lib/:/usr/lib/gcc/x86_64-linux-gnu/5/../../../:/lib/:/usr/lib/
COLLECT_GCC_OPTIONS='-v' '-o' 'cmTC_ed6e1' '-rdynamic' '-shared-libgcc' '-mtune=generic' '-march=x86-64'
 /usr/lib/gcc/x86_64-linux-gnu/5/collect2 -plugin /usr/lib/gcc/x86_64-linux-gnu/5/liblto_plugin.so -plugin-opt=/usr/lib/gcc/x86_64-linux-gnu/5/lto-wrapper -plugin-opt=-fresolution=/tmp/ccgaDB7G.res -plugin-opt=-pass-through=-lgcc_s -plugin-opt=-pass-through=-lgcc -plugin-opt=-pass-through=-lc -plugin-opt=-pass-through=-lgcc_s -plugin-opt=-pass-through=-lgcc --sysroot=/ --build-id --eh-frame-hdr -m elf_x86_64 --hash-style=gnu --as-needed -export-dynamic -dynamic-linker /lib64/ld-linux-x86-64.so.2 -z relro -o cmTC_ed6e1 /usr/lib/gcc/x86_64-linux-gnu/5/../../../x86_64-linux-gnu/crt1.o /usr/lib/gcc/x86_64-linux-gnu/5/../../../x86_64-linux-gnu/crti.o /usr/lib/gcc/x86_64-linux-gnu/5/crtbegin.o -L/usr/lib/gcc/x86_64-linux-gnu/5 -L/usr/lib/gcc/x86_64-linux-gnu/5/../../../x86_64-linux-gnu -L/usr/lib/gcc/x86_64-linux-gnu/5/../../../../lib -L/lib/x86_64-linux-gnu -L/lib/../lib -L/usr/lib/x86_64-linux-gnu -L/usr/lib/../lib -L/usr/lib/gcc/x86_64-linux-gnu/5/../../.. CMakeFiles/cmTC_ed6e1.dir/CMakeCXXCompilerABI.cpp.o -lstdc++ -lm -lgcc_s -lgcc -lc -lgcc_s -lgcc /usr/lib/gcc/x86_64-linux-gnu/5/crtend.o /usr/lib/gcc/x86_64-linux-gnu/5/../../../x86_64-linux-gnu/crtn.o
make[1]: Leaving directory '/home/lone-pine/work/new-cities/build/CMakeFiles/CMakeTmp'


Parsed CXX implicit link information from above output:
  link line regex: [^( *|.*[/\])(ld|([^/\]+-)?ld|collect2)[^/\]*( |$)]
  ignore line: [Change Dir: /home/lone-pine/work/new-cities/build/CMakeFiles/CMakeTmp]
  ignore line: []
  ignore line: [Run Build Command:"/usr/bin/make" "cmTC_ed6e1/fast"]
  ignore line: [/usr/bin/make -f CMakeFiles/cmTC_ed6e1.dir/build.make CMakeFiles/cmTC_ed6e1.dir/build]
  ignore line: [make[1]: Entering directory '/home/lone-pine/work/new-cities/build/CMakeFiles/CMakeTmp']
  ignore line: [Building CXX object CMakeFiles/cmTC_ed6e1.dir/CMakeCXXCompilerABI.cpp.o]
  ignore line: [/usr/bin/c++      -o CMakeFiles/cmTC_ed6e1.dir/CMakeCXXCompilerABI.cpp.o -c /usr/share/cmake-3.5/Modules/CMakeCXXCompilerABI.cpp]
  ignore line: [Linking CXX executable cmTC_ed6e1]
  ignore line: [/usr/bin/cmake -E cmake_link_script CMakeFiles/cmTC_ed6e1.dir/link.txt --verbose=1]
  ignore line: [/usr/bin/c++       -v CMakeFiles/cmTC_ed6e1.dir/CMakeCXXCompilerABI.cpp.o  -o cmTC_ed6e1 -rdynamic  ]
  ignore line: [Using built-in specs.]
  ignore line: [COLLECT_GCC=/usr/bin/c++]
  ignore line: [COLLECT_LTO_WRAPPER=/usr/lib/gcc/x86_64-linux-gnu/5/lto-wrapper]
  ignore line: [Target: x86_64-linux-gnu]
  ignore line: [Configured with: ../src/configure -v --with-pkgversion='Ubuntu 5.4.0-6ubuntu1~16.04.9' --with-bugurl=file:///usr/share/doc/gcc-5/README.Bugs --enable-languages=c,ada,c++,java,go,d,fortran,objc,obj-c++ --prefix=/usr --program-suffix=-5 --enable-shared --enable-linker-build-id --libexecdir=/usr/lib --without-included-gettext --enable-threads=posix --libdir=/usr/lib --enable-nls --with-sysroot=/ --enable-clocale=gnu --enable-libstdcxx-debug --enable-libstdcxx-time=yes --with-default-libstdcxx-abi=new --enable-gnu-unique-object --disable-vtable-verify --enable-libmpx --enable-plugin --with-system-zlib --disable-browser-plugin --enable-java-awt=gtk --enable-gtk-cairo --with-java-home=/usr/lib/jvm/java-1.5.0-gcj-5-amd64/jre --enable-java-home --with-jvm-root-dir=/usr/lib/jvm/java-1.5.0-gcj-5-amd64 --with-jvm-jar-dir=/usr/lib/jvm-exports/java-1.5.0-gcj-5-amd64 --with-arch-directory=amd64 --with-ecj-jar=/usr/share/java/eclipse-ecj.jar --enable-objc-gc --enable-multiarch --disable-werror --with-arch-32=i686 --with-abi=m64 --with-multilib-list=m32,m64,mx32 --enable-multilib --with-tune=generic --enable-checking=release --build=x86_64-linux-gnu --host=x86_64-linux-gnu --target=x86_64-linux-gnu]
  ignore line: [Thread model: posix]
  ignore line: [gcc version 5.4.0 20160609 (Ubuntu 5.4.0-6ubuntu1~16.04.9) ]
  ignore line: [COMPILER_PATH=/usr/lib/gcc/x86_64-linux-gnu/5/:/usr/lib/gcc/x86_64-linux-gnu/5/:/usr/lib/gcc/x86_64-linux-gnu/:/usr/lib/gcc/x86_64-linux-gnu/5/:/usr/lib/gcc/x86_64-linux-gnu/]
  ignore line: [LIBRARY_PATH=/usr/lib/gcc/x86_64-linux-gnu/5/:/usr/lib/gcc/x86_64-linux-gnu/5/../../../x86_64-linux-gnu/:/usr/lib/gcc/x86_64-linux-gnu/5/../../../../lib/:/lib/x86_64-linux-gnu/:/lib/../lib/:/usr/lib/x86_64-linux-gnu/:/usr/lib/../lib/:/usr/lib/gcc/x86_64-linux-gnu/5/../../../:/lib/:/usr/lib/]
  ignore line: [COLLECT_GCC_OPTIONS='-v' '-o' 'cmTC_ed6e1' '-rdynamic' '-shared-libgcc' '-mtune=generic' '-march=x86-64']
  link line: [ /usr/lib/gcc/x86_64-linux-gnu/5/collect2 -plugin /usr/lib/gcc/x86_64-linux-gnu/5/liblto_plugin.so -plugin-opt=/usr/lib/gcc/x86_64-linux-gnu/5/lto-wrapper -plugin-opt=-fresolution=/tmp/ccgaDB7G.res -plugin-opt=-pass-through=-lgcc_s -plugin-opt=-pass-through=-lgcc -plugin-opt=-pass-through=-lc -plugin-opt=-pass-through=-lgcc_s -plugin-opt=-pass-through=-lgcc --sysroot=/ --build-id --eh-frame-hdr -m elf_x86_64 --hash-style=gnu --as-needed -export-dynamic -dynamic-linker /lib64/ld-linux-x86-64.so.2 -z relro -o cmTC_ed6e1 /usr/lib/gcc/x86_64-linux-gnu/5/../../../x86_64-linux-gnu/crt1.o /usr/lib/gcc/x86_64-linux-gnu/5/../../../x86_64-linux-gnu/crti.o /usr/lib/gcc/x86_64-linux-gnu/5/crtbegin.o -L/usr/lib/gcc/x86_64-linux-gnu/5 -L/usr/lib/gcc/x86_64-linux-gnu/5/../../../x86_64-linux-gnu -L/usr/lib/gcc/x86_64-linux-gnu/5/../../../../lib -L/lib/x86_64-linux-gnu -L/lib/../lib -L/usr/lib/x86_64-linux-gnu -L/usr/lib/../lib -L/usr/lib/gcc/x86_64-linux-gnu/5/../../.. CMakeFiles/cmTC_ed6e1.dir/CMakeCXXCompilerABI.cpp.o -lstdc++ -lm -lgcc_s -lgcc -lc -lgcc_s -lgcc /usr/lib/gcc/x86_64-linux-gnu/5/crtend.o /usr/lib/gcc/x86_64-linux-gnu/5/../../../x86_64-linux-gnu/crtn.o]
    arg [/usr/lib/gcc/x86_64-linux-gnu/5/collect2] ==> ignore
    arg [-plugin] ==> ignore
    arg [/usr/lib/gcc/x86_64-linux-gnu/5/liblto_plugin.so] ==> ignore
    arg [-plugin-opt=/usr/lib/gcc/x86_64-linux-gnu/5/lto-wrapper] ==> ignore
    arg [-plugin-opt=-fresolution=/tmp/ccgaDB7G.res] ==> ignore
    arg [-plugin-opt=-pass-through=-lgcc_s] ==> ignore
    arg [-plugin-opt=-pass-through=-lgcc] ==> ignore
    arg [-plugin-opt=-pass-through=-lc] ==> ignore
    arg [-plugin-opt=-pass-through=-lgcc_s] ==> ignore
    arg [-plugin-opt=-pass-through=-lgcc] ==> ignore
    arg [--sysroot=/] ==> ignore
    arg [--build-id] ==> ignore
    arg [--eh-frame-hdr] ==> ignore
    arg [-m] ==> ignore
    arg [elf_x86_64] ==> ignore
    arg [--hash-style=gnu] ==> ignore
    arg [--as-needed] ==> ignore
    arg [-export-dynamic] ==> ignore
    arg [-dynamic-linker] ==> ignore
    arg [/lib64/ld-linux-x86-64.so.2] ==> ignore
    arg [-zrelro] ==> ignore
    arg [-o] ==> ignore
    arg [cmTC_ed6e1] ==> ignore
    arg [/usr/lib/gcc/x86_64-linux-gnu/5/../../../x86_64-linux-gnu/crt1.o] ==> ignore
    arg [/usr/lib/gcc/x86_64-linux-gnu/5/../../../x86_64-linux-gnu/crti.o] ==> ignore
    arg [/usr/lib/gcc/x86_64-linux-gnu/5/crtbegin.o] ==> ignore
    arg [-L/usr/lib/gcc/x86_64-linux-gnu/5] ==> dir [/usr/lib/gcc/x86_64-linux-gnu/5]
    arg [-L/usr/lib/gcc/x86_64-linux-gnu/5/../../../x86_64-linux-gnu] ==> dir [/usr/lib/gcc/x86_64-linux-gnu/5/../../../x86_64-linux-gnu]
    arg [-L/usr/lib/gcc/x86_64-linux-gnu/5/../../../../lib] ==> dir [/usr/lib/gcc/x86_64-linux-gnu/5/../../../../lib]
    arg [-L/lib/x86_64-linux-gnu] ==> dir [/lib/x86_64-linux-gnu]
    arg [-L/lib/../lib] ==> dir [/lib/../lib]
    arg [-L/usr/lib/x86_64-linux-gnu] ==> dir [/usr/lib/x86_64-linux-gnu]
    arg [-L/usr/lib/../lib] ==> dir [/usr/lib/../lib]
    arg [-L/usr/lib/gcc/x86_64-linux-gnu/5/../../..] ==> dir [/usr/lib/gcc/x86_64-linux-gnu/5/../../..]
    arg [CMakeFiles/cmTC_ed6e1.dir/CMakeCXXCompilerABI.cpp.o] ==> ignore
    arg [-lstdc++] ==> lib [stdc++]
    arg [-lm] ==> lib [m]
    arg [-lgcc_s] ==> lib [gcc_s]
    arg [-lgcc] ==> lib [gcc]
    arg [-lc] ==> lib [c]
    arg [-lgcc_s] ==> lib [gcc_s]
    arg [-lgcc] ==> lib [gcc]
    arg [/usr/lib/gcc/x86_64-linux-gnu/5/crtend.o] ==> ignore
    arg [/usr/lib/gcc/x86_64-linux-gnu/5/../../../x86_64-linux-gnu/crtn.o] ==> ignore
  remove lib [gcc_s]
  remove lib [gcc]
  remove lib [gcc_s]
  remove lib [gcc]
  collapse library dir [/usr/lib/gcc/x86_64-linux-gnu/5] ==> [/usr/lib/gcc/x86_64-linux-gnu/5]
  collapse library dir [/usr/lib/gcc/x86_64-linux-gnu/5/../../../x86_64-linux-gnu] ==> [/usr/lib/x86_64-linux-gnu]
  collapse library dir [/usr/lib/gcc/x86_64-linux-gnu/5/../../../../lib] ==> [/usr/lib]
  collapse library dir [/lib/x86_64-linux-gnu] ==> [/lib/x86_64-linux-gnu]
  collapse library dir [/lib/../lib] ==> [/lib]
  collapse library dir [/usr/lib/x86_64-linux-gnu] ==> [/usr/lib/x86_64-linux-gnu]
  collapse library dir [/usr/lib/../lib] ==> [/usr/lib]
  collapse library dir [/usr/lib/gcc/x86_64-linux-gnu/5/../../..] ==> [/usr/lib]
  implicit libs: [stdc++;m;c]
  implicit dirs: [/usr/lib/gcc/x86_64-linux-gnu/5;/usr/lib/x86_64-linux-gnu;/usr/lib;/lib/x86_64-linux-gnu;/lib]
  implicit fwks: []




Detecting CXX [-std=c++14] compiler features compiled with the following output:
Change Dir: /home/lone-pine/work/new-cities/build/CMakeFiles/CMakeTmp

Run Build Command:"/usr/bin/make" "cmTC_83373/fast"
/usr/bin/make -f CMakeFiles/cmTC_83373.dir/build.make CMakeFiles/cmTC_83373.dir/build
make[1]: Entering directory '/home/lone-pine/work/new-cities/build/CMakeFiles/CMakeTmp'
Building CXX object CMakeFiles/cmTC_83373.dir/feature_tests.cxx.o
/usr/bin/c++     -std=c++14 -o CMakeFiles/cmTC_83373.dir/feature_tests.cxx.o -c /home/lone-pine/work/new-cities/build/CMakeFiles/feature_tests.cxx
Linking CXX executable cmTC_83373
/usr/bin/cmake -E cmake_link_script CMakeFiles/cmTC_83373.dir/link.txt --verbose=1
/usr/bin/c++        CMakeFiles/cmTC_83373.dir/feature_tests.cxx.o  -o cmTC_83373 -rdynamic 
make[1]: Leaving directory '/home/lone-pine/work/new-cities/build/CMakeFiles/CMakeTmp'


    Feature record: CXX_FEATURE:1cxx_aggregate_default_initializers
    Feature record: CXX_FEATURE:1cxx_alias_templates
    Feature record: CXX_FEATURE:1cxx_alignas
    Feature record: CXX_FEATURE:1cxx_alignof
    Feature record: CXX_FEATURE:1cxx_attributes
    Feature record: CXX_FEATURE:1cxx_attribute_deprecated
    Feature record: CXX_FEATURE:1cxx_auto_type
    Feature record: CXX_FEATURE:1cxx_binary_literals
    Feature record: CXX_FEATURE:1cxx_constexpr
    Feature record: CXX_FEATURE:1cxx_contextual_conversions
    Feature record: CXX_FEATURE:1cxx_decltype
    Feature record: CXX_FEATURE:1cxx_decltype_auto
    Feature record: CXX_FEATURE:1cxx_decltype_incomplete_return_types
    Feature record: CXX_FEATURE:1cxx_default_function_template_args
    Feature record: CXX_FEATURE:1cxx_defaulted_functions
    Feature record: CXX_FEATURE:1cxx_defaulted_move_initializers
    Feature record: CXX_FEATURE:1cxx_delegating_constructors
    Feature record: CXX_FEATURE:1cxx_deleted_functions
    Feature record: CXX_FEATURE:1cxx_digit_separators
    Feature record: CXX_FEATURE:1cxx_enum_forward_declarations
    Feature record: CXX_FEATURE:1cxx_explicit_conversions
    Feature record: CXX_FEATURE:1cxx_extended_friend_declarations
    Feature record: CXX_FEATURE:1cxx_extern_templates
    Feature record: CXX_FEATURE:1cxx_final
    Feature record: CXX_FEATURE:1cxx_func_identifier
    Feature record: CXX_FEATURE:1cxx_generalized_initializers
    Feature record: CXX_FEATURE:1cxx_generic_lambdas
    Feature record: CXX_FEATURE:1cxx_inheriting_constructors
    Feature record: CXX_FEATURE:1cxx_inline_namespaces
    Feature record: CXX_FEATURE:1cxx_lambdas
    Feature record: CXX_FEATURE:1cxx_lambda_init_captures
    Feature record: CXX_FEATURE:1cxx_local_type_template_args
    Feature record: CXX_FEATURE:1cxx_long_long_type
    Feature record: CXX_FEATURE:1cxx_noexcept
    Feature record: CXX_FEATURE:1cxx_nonstatic_member_init
    Feature record: CXX_FEATURE:1cxx_nullptr
    Feature record: CXX_FEATURE:1cxx_override
    Feature record: CXX_FEATURE:1cxx_range_for
    Feature record: CXX_FEATURE:1cxx_raw_string_literals
    Feature record: CXX_FEATURE:1cxx_reference_qualified_functions
    Feature record: CXX_FEATURE:1cxx_relaxed_constexpr
    Feature record: CXX_FEATURE:1cxx_return_type_deduction
    Feature record: CXX_FEATURE:1cxx_right_angle_brackets
    Feature record: CXX_FEATURE:1cxx_rvalue_references
    Feature record: CXX_FEATURE:1cxx_sizeof_member
    Feature record: CXX_FEATURE:1cxx_static_assert
    Feature record: CXX_FEATURE:1cxx_strong_enums
    Feature record: CXX_FEATURE:1cxx_template_template_parameters
    Feature record: CXX_FEATURE:1cxx_thread_local
    Feature record: CXX_FEATURE:1cxx_trailing_return_types
    Feature record: CXX_FEATURE:1cxx_unicode_literals
    Feature record: CXX_FEATURE:1cxx_uniform_initialization
    Feature record: CXX_FEATURE:1cxx_unrestricted_unions
    Feature record: CXX_FEATURE:1cxx_user_literals
    Feature record: CXX_FEATURE:1cxx_variable_templates
    Feature record: CXX_FEATURE:1cxx_variadic_macros
    Feature record: CXX_FEATURE:1cxx_variadic_templates


Detecting CXX [-std=c++11] compiler features compiled with the following output:
Change Dir: /home/lone-pine/work/new-cities/build/CMakeFiles/CMakeTmp

Run Build Command:"/usr/bin/make" "cmTC_a7e5d/fast"
/usr/bin/make -f CMakeFiles/cmTC_a7e5d.dir/build.make CMakeFiles/cmTC_a7e5d.dir/build
make[1]: Entering directory '/home/lone-pine/work/new-cities/build/CMakeFiles/CMakeTmp'
Building CXX object CMakeFiles/cmTC_a7e5d.dir/feature_tests.cxx.o
/usr/bin/c++     -std=c++11 -o CMakeFiles/cmTC_a7e5d.dir/feature_tests.cxx.o -c /home/lone-pine/work/new-cities/build/CMakeFiles/feature_tests.cxx
Linking CXX executable cmTC_a7e5d
/usr/bin/cmake -E cmake_link_script CMakeFiles/cmTC_a7e5d.dir/link.txt --verbose=1
/usr/bin/c++        CMakeFiles/cmTC_a7e5d.dir/feature_tests.cxx.o  -o cmTC_a7e5d -rdynamic 
make[1]: Leaving directory '/home/lone-pine/work/new-cities/build/CMakeFiles/CMakeTmp'


    Feature record: CXX_FEATURE:0cxx_aggregate_default_initializers
    Feature record: CXX_FEATURE:1cxx_alias_templates
    Feature record: CXX_FEATURE:1cxx_alignas
    Feature record: CXX_FEATURE:1cxx_alignof
    Feature record: CXX_FEATURE:1cxx_attributes
    Feature record: CXX_FEATURE:0cxx_attribute_deprecated
    Feature record: CXX_FEATURE:1cxx_auto_type
    Feature record: CXX_FEATURE:0cxx_binary_literals
    Feature record: CXX_FEATURE:1cxx_constexpr
    Feature record: CXX_FEATURE:0cxx_contextual_conversions
    Feature record: CXX_FEATURE:1cxx_decltype
    Feature record: CXX_FEATURE:0cxx_decltype_auto
    Feature record: CXX_FEATURE:1cxx_decltype_incomplete_return_types
    Feature record: CXX_FEATURE:1cxx_default_function_template_args
    Feature record: CXX_FEATURE:1cxx_defaulted_functions
    Feature record: CXX_FEATURE:1cxx_defaulted_move_initializers
    Feature record: CXX_FEATURE:1cxx_delegating_constructors
    Feature record: CXX_FEATURE:1cxx_deleted_functions
    Feature record: CXX_FEATURE:0cxx_digit_separators
    Feature record: CXX_FEATURE:1cxx_enum_forward_declarations
    Feature record: CXX_FEATURE:1cxx_explicit_conversions
    Feature record: CXX_FEATURE:1cxx_extended_friend_declarations
    Feature record: CXX_FEATURE:1cxx_extern_templates
    Feature record: CXX_FEATURE:1cxx_final
    Feature record: CXX_FEATURE:1cxx_func_identifier
    Feature record: CXX_FEATURE:1cxx_generalized_initializers
    Feature record: CXX_FEATURE:0cxx_generic_lambdas
    Feature record: CXX_FEATURE:1cxx_inheriting_constructors
    Feature record: CXX_FEATURE:1cxx_inline_namespaces
    Feature record: CXX_FEATURE:1cxx_lambdas
    Feature record: CXX_FEATURE:0cxx_lambda_init_captures
    Feature record: CXX_FEATURE:1cxx_local_type_template_args
    Feature record: CXX_FEATURE:1cxx_long_long_type
    Feature record: CXX_FEATURE:1cxx_noexcept
    Feature record: CXX_FEATURE:1cxx_nonstatic_member_init
    Feature record: CXX_FEATURE:1cxx_nullptr
    Feature record: CXX_FEATURE:1cxx_override
    Feature record: CXX_FEATURE:1cxx_range_for
    Feature record: CXX_FEATURE:1cxx_raw_string_literals
    Feature record: CXX_FEATURE:1cxx_reference_qualified_functions
    Feature record: CXX_FEATURE:0cxx_relaxed_constexpr
    Feature record: CXX_FEATURE:0cxx_return_type_deduction
    Feature record: CXX_FEATURE:1cxx_right_angle_brackets
    Feature record: CXX_FEATURE:1cxx_rvalue_references
    Feature record: CXX_FEATURE:1cxx_sizeof_member
    Feature record: CXX_FEATURE:1cxx_static_assert
    Feature record: CXX_FEATURE:1cxx_strong_enums
    Feature record: CXX_FEATURE:1cxx_template_template_parameters
    Feature record: CXX_FEATURE:1cxx_thread_local
    Feature record: CXX_FEATURE:1cxx_trailing_return_types
    Feature record: CXX_FEATURE:1cxx_unicode_literals
    Feature record: CXX_FEATURE:1cxx_uniform_initialization
    Feature record: CXX_FEATURE:1cxx_unrestricted_unions
    Feature record: CXX_FEATURE:1cxx_user_literals
    Feature record: CXX_FEATURE:0cxx_variable_templates
    Feature record: CXX_FEATURE:1cxx_variadic_macros
    Feature record: CXX_FEATURE:1cxx_variadic_templates


Detecting CXX [-std=c++98] compiler features compiled with the following output:
Change Dir: /home/lone-pine/work/new-cities/build/CMakeFiles/CMakeTmp

Run Build Command:"/usr/bin/make" "cmTC_4f529/fast"
/usr/bin/make -f CMakeFiles/cmTC_4f529.dir/build.make CMakeFiles/cmTC_4f529.dir/build
make[1]: Entering directory '/home/lone-pine/work/new-cities/build/CMakeFiles/CMakeTmp'
Building CXX object CMakeFiles/cmTC_4f529.dir/feature_tests.cxx.o
/usr/bin/c++     -std=c++98 -o CMakeFiles/cmTC_4f529.dir/feature_tests.cxx.o -c /home/lone-pine/work/new-cities/build/CMakeFiles/feature_tests.cxx
Linking CXX executable cmTC_4f529
/usr/bin/cmake -E cmake_link_script CMakeFiles/cmTC_4f529.dir/link.txt --verbose=1
/usr/bin/c++        CMakeFiles/cmTC_4f529.dir/feature_tests.cxx.o  -o cmTC_4f529 -rdynamic 
make[1]: Leaving directory '/home/lone-pine/work/new-cities/build/CMakeFiles/CMakeTmp'


    Feature record: CXX_FEATURE:0cxx_aggregate_default_initializers
    Feature record: CXX_FEATURE:0cxx_alias_templates
    Feature record: CXX_FEATURE:0cxx_alignas
    Feature record: CXX_FEATURE:0cxx_alignof
    Feature record: CXX_FEATURE:0cxx_attributes
    Feature record: CXX_FEATURE:0cxx_attribute_deprecated
    Feature record: CXX_FEATURE:0cxx_auto_type
    Feature record: CXX_FEATURE:0cxx_binary_literals
    Feature record: CXX_FEATURE:0cxx_constexpr
    Feature record: CXX_FEATURE:0cxx_contextual_conversions
    Feature record: CXX_FEATURE:0cxx_decltype
    Feature record: CXX_FEATURE:0cxx_decltype_auto
    Feature record: CXX_FEATURE:0cxx_decltype_incomplete_return_types
    Feature record: CXX_FEATURE:0cxx_default_function_template_args
    Feature record: CXX_FEATURE:0cxx_defaulted_functions
    Feature record: CXX_FEATURE:0cxx_defaulted_move_initializers
    Feature record: CXX_FEATURE:0cxx_delegating_constructors
    Feature record: CXX_FEATURE:0cxx_deleted_functions
    Feature record: CXX_FEATURE:0cxx_digit_separators
    Feature record: CXX_FEATURE:0cxx_enum_forward_declarations
    Feature record: CXX_FEATURE:0cxx_explicit_conversions
    Feature record: CXX_FEATURE:0cxx_extended_friend_declarations
    Feature record: CXX_FEATURE:0cxx_extern_templates
    Feature record: CXX_FEATURE:0cxx_final
    Feature record: CXX_FEATURE:0cxx_func_identifier
    Feature record: CXX_FEATURE:0cxx_generalized_initializers
    Feature record: CXX_FEATURE:0cxx_generic_lambdas
    Feature record: CXX_FEATURE:0cxx_inheriting_constructors
    Feature record: CXX_FEATURE:0cxx_inline_namespaces
    Feature record: CXX_FEATURE:0cxx_lambdas
    Feature record: CXX_FEATURE:0cxx_lambda_init_captures
    Feature record: CXX_FEATURE:0cxx_local_type_template_args
    Feature record: CXX_FEATURE:0cxx_long_long_type
    Feature record: CXX_FEATURE:0cxx_noexcept
    Feature record: CXX_FEATURE:0cxx_nonstatic_member_init
    Feature record: CXX_FEATURE:0cxx_nullptr
    Feature record: CXX_FEATURE:0cxx_override
    Feature record: CXX_FEATURE:0cxx_range_for
    Feature record: CXX_FEATURE:0cxx_raw_string_literals
    Feature record: CXX_FEATURE:0cxx_reference_qualified_functions
    Feature record: CXX_FEATURE:0cxx_relaxed_constexpr
    Feature record: CXX_FEATURE:0cxx_return_type_deduction
    Feature record: CXX_FEATURE:0cxx_right_angle_brackets
    Feature record: CXX_FEATURE:0cxx_rvalue_references
    Feature record: CXX_FEATURE:0cxx_sizeof_member
    Feature record: CXX_FEATURE:0cxx_static_assert
    Feature record: CXX_FEATURE:0cxx_strong_enums
    Feature record: CXX_FEATURE:1cxx_template_template_parameters
    Feature record: CXX_FEATURE:0cxx_thread_local
    Feature record: CXX_FEATURE:0cxx_trailing_return_types
    Feature record: CXX_FEATURE:0cxx_unicode_literals
    Feature record: CXX_FEATURE:0cxx_uniform_initialization
    Feature record: CXX_FEATURE:0cxx_unrestricted_unions
    Feature record: CXX_FEATURE:0cxx_user_literals
    Feature record: CXX_FEATURE:0cxx_variable_templates
    Feature record: CXX_FEATURE:0cxx_variadic_macros
    Feature record: CXX_FEATURE:0cxx_variadic_templates
Determining if the include file pthread.h exists passed with the following output:
Change Dir: /home/lone-pine/work/new-cities/build/CMakeFiles/CMakeTmp

Run Build Command:"/usr/bin/make" "cmTC_0c1d0/fast"
/usr/bin/make -f CMakeFiles/cmTC_0c1d0.dir/build.make CMakeFiles/cmTC_0c1d0.dir/build
make[1]: Entering directory '/home/lone-pine/work/new-cities/build/CMakeFiles/CMakeTmp'
Building C object CMakeFiles/cmTC_0c1d0.dir/CheckIncludeFile.c.o
/usr/bin/cc     -o CMakeFiles/cmTC_0c1d0.dir/CheckIncludeFile.c.o   -c /home/lone-pine/work/new-cities/build/CMakeFiles/CMakeTmp/CheckIncludeFile.c
Linking C executable cmTC_0c1d0
/usr/bin/cmake -E cmake_link_script CMakeFiles/cmTC_0c1d0.dir/link.txt --verbose=1
/usr/bin/cc       CMakeFiles/cmTC_0c1d0.dir/CheckIncludeFile.c.o  -o cmTC_0c1d0 -rdynamic 
make[1]: Leaving directory '/home/lone-pine/work/new-cities/build/CMakeFiles/CMakeTmp'


Determining if the function pthread_create exists in the pthread passed with the following output:
Change Dir: /home/lone-pine/work/new-cities/build/CMakeFiles/CMakeTmp

Run Build Command:"/usr/bin/make" "cmTC_7b8be/fast"
/usr/bin/make -f CMakeFiles/cmTC_7b8be.dir/build.make CMakeFiles/cmTC_7b8be.dir/build
make[1]: Entering directory '/home/lone-pine/work/new-cities/build/CMakeFiles/CMakeTmp'
Building C object CMakeFiles/cmTC_7b8be.dir/CheckFunctionExists.c.o
/usr/bin/cc    -DCHECK_FUNCTION_EXISTS=pthread_create   -o CMakeFiles/cmTC_7b8be.dir/CheckFunctionExists.c.o   -c /usr/share/cmake-3.5/Modules/CheckFunctionExists.c
Linking C executable cmTC_7b8be
/usr/bin/cmake -E cmake_link_script CMakeFiles/cmTC_7b8be.dir/link.txt --verbose=1
/usr/bin/cc   -DCHECK_FUNCTION_EXISTS=pthread_create    CMakeFiles/cmTC_7b8be.dir/CheckFunctionExists.c.o  -o cmTC_7b8be -rdynamic -lpthread 
make[1]: Leaving directory '/home/lone-pine/work/new-cities/build/CMakeFiles/CMakeTmp'


Determining if the function XOpenDisplay exists in the /usr/lib/x86_64-linux-gnu/libX11.so;/usr/lib/x86_64-linux-gnu/libXext.so passed with the following output:
Change Dir: /home/lone-pine/work/new-cities/build/CMakeFiles/CMakeTmp

Run Build Command:"/usr/bin/make" "cmTC_01713/fast"
/usr/bin/make -f CMakeFiles/cmTC_01713.dir/build.make CMakeFiles/cmTC_01713.dir/build
make[1]: Entering directory '/home/lone-pine/work/new-cities/build/CMakeFiles/CMakeTmp'
Building C object CMakeFiles/cmTC_01713.dir/CheckFunctionExists.c.o
/usr/bin/cc    -DCHECK_FUNCTION_EXISTS=XOpenDisplay   -o CMakeFiles/cmTC_01713.dir/CheckFunctionExists.c.o   -c /usr/share/cmake-3.5/Modules/CheckFunctionExists.c
Linking C executable cmTC_01713
/usr/bin/cmake -E cmake_link_script CMakeFiles/cmTC_01713.dir/link.txt --verbose=1
/usr/bin/cc   -DCHECK_FUNCTION_EXISTS=XOpenDisplay    CMakeFiles/cmTC_01713.dir/CheckFunctionExists.c.o  -o cmTC_01713 -rdynamic /usr/lib/x86_64-linux-gnu/libX11.so /usr/lib/x86_64-linux-gnu/libXext.so 
make[1]: Leaving directory '/home/lone-pine/work/new-cities/build/CMakeFiles/CMakeTmp'


Determining if the function gethostbyname exists passed with the following output:
Change Dir: /home/lone-pine/work/new-cities/build/CMakeFiles/CMakeTmp

Run Build Command:"/usr/bin/make" "cmTC_ff064/fast"
/usr/bin/make -f CMakeFiles/cmTC_ff064.dir/build.make CMakeFiles/cmTC_ff064.dir/build
make[1]: Entering directory '/home/lone-pine/work/new-cities/build/CMakeFiles/CMakeTmp'
Building C object CMakeFiles/cmTC_ff064.dir/CheckFunctionExists.c.o
/usr/bin/cc    -DCHECK_FUNCTION_EXISTS=gethostbyname   -o CMakeFiles/cmTC_ff064.dir/CheckFunctionExists.c.o   -c /usr/share/cmake-3.5/Modules/CheckFunctionExists.c
Linking C executable cmTC_ff064
/usr/bin/cmake -E cmake_link_script CMakeFiles/cmTC_ff064.dir/link.txt --verbose=1
/usr/bin/cc   -DCHECK_FUNCTION_EXISTS=gethostbyname    CMakeFiles/cmTC_ff064.dir/CheckFunctionExists.c.o  -o cmTC_ff064 -rdynamic 
make[1]: Leaving directory '/home/lone-pine/work/new-cities/build/CMakeFiles/CMakeTmp'


Determining if the function connect exists passed with the following output:
Change Dir: /home/lone-pine/work/new-cities/build/CMakeFiles/CMakeTmp

Run Build Command:"/usr/bin/make" "cmTC_e16e1/fast"
/usr/bin/make -f CMakeFiles/cmTC_e16e1.dir/build.make CMakeFiles/cmTC_e16e1.dir/build
make[1]: Entering directory '/home/lone-pine/work/new-cities/build/CMakeFiles/CMakeTmp'
Building C object CMakeFiles/cmTC_e16e1.dir/CheckFunctionExists.c.o
/usr/bin/cc    -DCHECK_FUNCTION_EXISTS=connect   -o CMakeFiles/cmTC_e16e1.dir/CheckFunctionExists.c.o   -c /usr/share/cmake-3.5/Modules/CheckFunctionExists.c
Linking C executable cmTC_e16e1
/usr/bin/cmake -E cmake_link_script CMakeFiles/cmTC_e16e1.dir/link.txt --verbose=1
/usr/bin/cc   -DCHECK_FUNCTION_EXISTS=connect    CMakeFiles/cmTC_e16e1.dir/CheckFunctionExists.c.o  -o cmTC_e16e1 -rdynamic 
make[1]: Leaving directory '/home/lone-pine/work/new-cities/build/CMakeFiles/CMakeTmp'


Determining if the function remove exists passed with the following output:
Change Dir: /home/lone-pine/work/new-cities/build/CMakeFiles/CMakeTmp

Run Build Command:"/usr/bin/make" "cmTC_2b8e1/fast"
/usr/bin/make -f CMakeFiles/cmTC_2b8e1.dir/build.make CMakeFiles/cmTC_2b8e1.dir/build
make[1]: Entering directory '/home/lone-pine/work/new-cities/build/CMakeFiles/CMakeTmp'
Building C object CMakeFiles/cmTC_2b8e1.dir/CheckFunctionExists.c.o
/usr/bin/cc    -DCHECK_FUNCTION_EXISTS=remove   -o CMakeFiles/cmTC_2b8e1.dir/CheckFunctionExists.c.o   -c /usr/share/cmake-3.5/Modules/CheckFunctionExists.c
Linking C executable cmTC_2b8e1
/usr/bin/cmake -E cmake_link_script CMakeFiles/cmTC_2b8e1.dir/link.txt --verbose=1
/usr/bin/cc   -DCHECK_FUNCTION_EXISTS=remove    CMakeFiles/cmTC_2b8e1.dir/CheckFunctionExists.c.o  -o cmTC_2b8e1 -rdynamic 
make[1]: Leaving directory '/home/lone-pine/work/new-cities/build/CMakeFiles/CMakeTmp'


Determining if the function shmat exists passed with the following output:
Change Dir: /home/lone-pine/work/new-cities/build/CMakeFiles/CMakeTmp

Run Build Command:"/usr/bin/make" "cmTC_436fc/fast"
/usr/bin/make -f CMakeFiles/cmTC_436fc.dir/build.make CMakeFiles/cmTC_436fc.dir/build
make[1]: Entering directory '/home/lone-pine/work/new-cities/build/CMakeFiles/CMakeTmp'
Building C object CMakeFiles/cmTC_436fc.dir/CheckFunctionExists.c.o
/usr/bin/cc    -DCHECK_FUNCTION_EXISTS=shmat   -o CMakeFiles/cmTC_436fc.dir/CheckFunctionExists.c.o   -c /usr/share/cmake-3.5/Modules/CheckFunctionExists.c
Linking C executable cmTC_436fc
/usr/bin/cmake -E cmake_link_script CMakeFiles/cmTC_436fc.dir/link.txt --verbose=1
/usr/bin/cc   -DCHECK_FUNCTION_EXISTS=shmat    CMakeFiles/cmTC_436fc.dir/CheckFunctionExists.c.o  -o cmTC_436fc -rdynamic 
make[1]: Leaving directory '/home/lone-pine/work/new-cities/build/CMakeFiles/CMakeTmp'


Determining if the function IceConnectionNumber exists in the ICE passed with the following output:
Change Dir: /home/lone-pine/work/new-cities/build/CMakeFiles/CMakeTmp

Run Build Command:"/usr/bin/make" "cmTC_00ee0/fast"
/usr/bin/make -f CMakeFiles/cmTC_00ee0.dir/build.make CMakeFiles/cmTC_00ee0.dir/build
make[1]: Entering directory '/home/lone-pine/work/new-cities/build/CMakeFiles/CMakeTmp'
Building C object CMakeFiles/cmTC_00ee0.dir/CheckFunctionExists.c.o
/usr/bin/cc    -DCHECK_FUNCTION_EXISTS=IceConnectionNumber   -o CMakeFiles/cmTC_00ee0.dir/CheckFunctionExists.c.o   -c /usr/share/cmake-3.5/Modules/CheckFunctionExists.c
Linking C executable cmTC_00ee0
/usr/bin/cmake -E cmake_link_script CMakeFiles/cmTC_00ee0.dir/link.txt --verbose=1
/usr/bin/cc   -DCHECK_FUNCTION_EXISTS=IceConnectionNumber    CMakeFiles/cmTC_00ee0.dir/CheckFunctionExists.c.o  -o cmTC_00ee0 -rdynamic -lICE 
make[1]: Leaving directory '/home/lone-pine/work/new-cities/build/CMakeFiles/CMakeTmp'


Determining if the include file sys/types.h exists passed with the following output:
Change Dir: /home/lone-pine/work/new-cities/build/CMakeFiles/CMakeTmp

Run Build Command:"/usr/bin/make" "cmTC_3b5da/fast"
/usr/bin/make -f CMakeFiles/cmTC_3b5da.dir/build.make CMakeFiles/cmTC_3b5da.dir/build
make[1]: Entering directory '/home/lone-pine/work/new-cities/build/CMakeFiles/CMakeTmp'
Building C object CMakeFiles/cmTC_3b5da.dir/CheckIncludeFile.c.o
/usr/bin/cc     -o CMakeFiles/cmTC_3b5da.dir/CheckIncludeFile.c.o   -c /home/lone-pine/work/new-cities/build/CMakeFiles/CMakeTmp/CheckIncludeFile.c
Linking C executable cmTC_3b5da
/usr/bin/cmake -E cmake_link_script CMakeFiles/cmTC_3b5da.dir/link.txt --verbose=1
/usr/bin/cc       CMakeFiles/cmTC_3b5da.dir/CheckIncludeFile.c.o  -o cmTC_3b5da -rdynamic 
make[1]: Leaving directory '/home/lone-pine/work/new-cities/build/CMakeFiles/CMakeTmp'


Determining if the include file stdint.h exists passed with the following output:
Change Dir: /home/lone-pine/work/new-cities/build/CMakeFiles/CMakeTmp

Run Build Command:"/usr/bin/make" "cmTC_395cc/fast"
/usr/bin/make -f CMakeFiles/cmTC_395cc.dir/build.make CMakeFiles/cmTC_395cc.dir/build
make[1]: Entering directory '/home/lone-pine/work/new-cities/build/CMakeFiles/CMakeTmp'
Building C object CMakeFiles/cmTC_395cc.dir/CheckIncludeFile.c.o
/usr/bin/cc     -o CMakeFiles/cmTC_395cc.dir/CheckIncludeFile.c.o   -c /home/lone-pine/work/new-cities/build/CMakeFiles/CMakeTmp/CheckIncludeFile.c
Linking C executable cmTC_395cc
/usr/bin/cmake -E cmake_link_script CMakeFiles/cmTC_395cc.dir/link.txt --verbose=1
/usr/bin/cc       CMakeFiles/cmTC_395cc.dir/CheckIncludeFile.c.o  -o cmTC_395cc -rdynamic 
make[1]: Leaving directory '/home/lone-pine/work/new-cities/build/CMakeFiles/CMakeTmp'


Determining if the include file stddef.h exists passed with the following output:
Change Dir: /home/lone-pine/work/new-cities/build/CMakeFiles/CMakeTmp

Run Build Command:"/usr/bin/make" "cmTC_c84e0/fast"
/usr/bin/make -f CMakeFiles/cmTC_c84e0.dir/build.make CMakeFiles/cmTC_c84e0.dir/build
make[1]: Entering directory '/home/lone-pine/work/new-cities/build/CMakeFiles/CMakeTmp'
Building C object CMakeFiles/cmTC_c84e0.dir/CheckIncludeFile.c.o
/usr/bin/cc     -o CMakeFiles/cmTC_c84e0.dir/CheckIncludeFile.c.o   -c /home/lone-pine/work/new-cities/build/CMakeFiles/CMakeTmp/CheckIncludeFile.c
Linking C executable cmTC_c84e0
/usr/bin/cmake -E cmake_link_script CMakeFiles/cmTC_c84e0.dir/link.txt --verbose=1
/usr/bin/cc       CMakeFiles/cmTC_c84e0.dir/CheckIncludeFile.c.o  -o cmTC_c84e0 -rdynamic 
make[1]: Leaving directory '/home/lone-pine/work/new-cities/build/CMakeFiles/CMakeTmp'


Determining size of off64_t passed with the following output:
Change Dir: /home/lone-pine/work/new-cities/build/CMakeFiles/CMakeTmp

Run Build Command:"/usr/bin/make" "cmTC_d7ab0/fast"
/usr/bin/make -f CMakeFiles/cmTC_d7ab0.dir/build.make CMakeFiles/cmTC_d7ab0.dir/build
make[1]: Entering directory '/home/lone-pine/work/new-cities/build/CMakeFiles/CMakeTmp'
Building C object CMakeFiles/cmTC_d7ab0.dir/OFF64_T.c.o
/usr/bin/cc  -DHAVE_STDDEF_H -DHAVE_STDINT_H -DHAVE_SYS_TYPES_H -D_LARGEFILE64_SOURCE=1   -o CMakeFiles/cmTC_d7ab0.dir/OFF64_T.c.o   -c /home/lone-pine/work/new-cities/build/CMakeFiles/CheckTypeSize/OFF64_T.c
Linking C executable cmTC_d7ab0
/usr/bin/cmake -E cmake_link_script CMakeFiles/cmTC_d7ab0.dir/link.txt --verbose=1
/usr/bin/cc       CMakeFiles/cmTC_d7ab0.dir/OFF64_T.c.o  -o cmTC_d7ab0 -rdynamic 
make[1]: Leaving directory '/home/lone-pine/work/new-cities/build/CMakeFiles/CMakeTmp'


Determining if the function fseeko exists passed with the following output:
Change Dir: /home/lone-pine/work/new-cities/build/CMakeFiles/CMakeTmp

Run Build Command:"/usr/bin/make" "cmTC_7f501/fast"
/usr/bin/make -f CMakeFiles/cmTC_7f501.dir/build.make CMakeFiles/cmTC_7f501.dir/build
make[1]: Entering directory '/home/lone-pine/work/new-cities/build/CMakeFiles/CMakeTmp'
Building C object CMakeFiles/cmTC_7f501.dir/CheckFunctionExists.c.o
/usr/bin/cc    -DCHECK_FUNCTION_EXISTS=fseeko   -o CMakeFiles/cmTC_7f501.dir/CheckFunctionExists.c.o   -c /usr/share/cmake-3.5/Modules/CheckFunctionExists.c
Linking C executable cmTC_7f501
/usr/bin/cmake -E cmake_link_script CMakeFiles/cmTC_7f501.dir/link.txt --verbose=1
/usr/bin/cc   -DCHECK_FUNCTION_EXISTS=fseeko    CMakeFiles/cmTC_7f501.dir/CheckFunctionExists.c.o  -o cmTC_7f501 -rdynamic 
make[1]: Leaving directory '/home/lone-pine/work/new-cities/build/CMakeFiles/CMakeTmp'


Determining if the include file unistd.h exists passed with the following output:
Change Dir: /home/lone-pine/work/new-cities/build/CMakeFiles/CMakeTmp

Run Build Command:"/usr/bin/make" "cmTC_6903a/fast"
/usr/bin/make -f CMakeFiles/cmTC_6903a.dir/build.make CMakeFiles/cmTC_6903a.dir/build
make[1]: Entering directory '/home/lone-pine/work/new-cities/build/CMakeFiles/CMakeTmp'
Building C object CMakeFiles/cmTC_6903a.dir/CheckIncludeFile.c.o
/usr/bin/cc     -o CMakeFiles/cmTC_6903a.dir/CheckIncludeFile.c.o   -c /home/lone-pine/work/new-cities/build/CMakeFiles/CMakeTmp/CheckIncludeFile.c
Linking C executable cmTC_6903a
/usr/bin/cmake -E cmake_link_script CMakeFiles/cmTC_6903a.dir/link.txt --verbose=1
/usr/bin/cc       CMakeFiles/cmTC_6903a.dir/CheckIncludeFile.c.o  -o cmTC_6903a -rdynamic 
make[1]: Leaving directory '/home/lone-pine/work/new-cities/build/CMakeFiles/CMakeTmp'


Determining if the include file pthread.h exists passed with the following output:
Change Dir: /home/lone-pine/work/new-cities/build/CMakeFiles/CMakeTmp

Run Build Command:"/usr/bin/make" "cmTC_b3b63/fast"
/usr/bin/make -f CMakeFiles/cmTC_b3b63.dir/build.make CMakeFiles/cmTC_b3b63.dir/build
make[1]: Entering directory '/home/lone-pine/work/new-cities/build/CMakeFiles/CMakeTmp'
Building C object CMakeFiles/cmTC_b3b63.dir/CheckIncludeFile.c.o
/usr/bin/cc     -o CMakeFiles/cmTC_b3b63.dir/CheckIncludeFile.c.o   -c /home/lone-pine/work/new-cities/build/CMakeFiles/CMakeTmp/CheckIncludeFile.c
Linking C executable cmTC_b3b63
/usr/bin/cmake -E cmake_link_script CMakeFiles/cmTC_b3b63.dir/link.txt --verbose=1
/usr/bin/cc       CMakeFiles/cmTC_b3b63.dir/CheckIncludeFile.c.o  -o cmTC_b3b63 -rdynamic 
make[1]: Leaving directory '/home/lone-pine/work/new-cities/build/CMakeFiles/CMakeTmp'


Determining if the function pthread_create exists in the pthread passed with the following output:
Change Dir: /home/lone-pine/work/new-cities/build/CMakeFiles/CMakeTmp

Run Build Command:"/usr/bin/make" "cmTC_5cb84/fast"
/usr/bin/make -f CMakeFiles/cmTC_5cb84.dir/build.make CMakeFiles/cmTC_5cb84.dir/build
make[1]: Entering directory '/home/lone-pine/work/new-cities/build/CMakeFiles/CMakeTmp'
Building C object CMakeFiles/cmTC_5cb84.dir/CheckFunctionExists.c.o
/usr/bin/cc    -DCHECK_FUNCTION_EXISTS=pthread_create   -o CMakeFiles/cmTC_5cb84.dir/CheckFunctionExists.c.o   -c /usr/share/cmake-3.5/Modules/CheckFunctionExists.c
Linking C executable cmTC_5cb84
/usr/bin/cmake -E cmake_link_script CMakeFiles/cmTC_5cb84.dir/link.txt --verbose=1
/usr/bin/cc   -DCHECK_FUNCTION_EXISTS=pthread_create    CMakeFiles/cmTC_5cb84.dir/CheckFunctionExists.c.o  -o cmTC_5cb84 -rdynamic -lpthread 
make[1]: Leaving directory '/home/lone-pine/work/new-cities/build/CMakeFiles/CMakeTmp'


Determining if the function XOpenDisplay exists in the /usr/lib/x86_64-linux-gnu/libX11.so;/usr/lib/x86_64-linux-gnu/libXext.so passed with the following output:
Change Dir: /home/lone-pine/work/new-cities/build/CMakeFiles/CMakeTmp

Run Build Command:"/usr/bin/make" "cmTC_910fd/fast"
/usr/bin/make -f CMakeFiles/cmTC_910fd.dir/build.make CMakeFiles/cmTC_910fd.dir/build
make[1]: Entering directory '/home/lone-pine/work/new-cities/build/CMakeFiles/CMakeTmp'
Building C object CMakeFiles/cmTC_910fd.dir/CheckFunctionExists.c.o
/usr/bin/cc    -DCHECK_FUNCTION_EXISTS=XOpenDisplay   -o CMakeFiles/cmTC_910fd.dir/CheckFunctionExists.c.o   -c /usr/share/cmake-3.5/Modules/CheckFunctionExists.c
Linking C executable cmTC_910fd
/usr/bin/cmake -E cmake_link_script CMakeFiles/cmTC_910fd.dir/link.txt --verbose=1
/usr/bin/cc   -DCHECK_FUNCTION_EXISTS=XOpenDisplay    CMakeFiles/cmTC_910fd.dir/CheckFunctionExists.c.o  -o cmTC_910fd -rdynamic /usr/lib/x86_64-linux-gnu/libX11.so /usr/lib/x86_64-linux-gnu/libXext.so 
make[1]: Leaving directory '/home/lone-pine/work/new-cities/build/CMakeFiles/CMakeTmp'


Determining if the function gethostbyname exists passed with the following output:
Change Dir: /home/lone-pine/work/new-cities/build/CMakeFiles/CMakeTmp

Run Build Command:"/usr/bin/make" "cmTC_6b049/fast"
/usr/bin/make -f CMakeFiles/cmTC_6b049.dir/build.make CMakeFiles/cmTC_6b049.dir/build
make[1]: Entering directory '/home/lone-pine/work/new-cities/build/CMakeFiles/CMakeTmp'
Building C object CMakeFiles/cmTC_6b049.dir/CheckFunctionExists.c.o
/usr/bin/cc    -DCHECK_FUNCTION_EXISTS=gethostbyname   -o CMakeFiles/cmTC_6b049.dir/CheckFunctionExists.c.o   -c /usr/share/cmake-3.5/Modules/CheckFunctionExists.c
Linking C executable cmTC_6b049
/usr/bin/cmake -E cmake_link_script CMakeFiles/cmTC_6b049.dir/link.txt --verbose=1
/usr/bin/cc   -DCHECK_FUNCTION_EXISTS=gethostbyname    CMakeFiles/cmTC_6b049.dir/CheckFunctionExists.c.o  -o cmTC_6b049 -rdynamic 
make[1]: Leaving directory '/home/lone-pine/work/new-cities/build/CMakeFiles/CMakeTmp'


Determining if the function connect exists passed with the following output:
Change Dir: /home/lone-pine/work/new-cities/build/CMakeFiles/CMakeTmp

Run Build Command:"/usr/bin/make" "cmTC_ffd69/fast"
/usr/bin/make -f CMakeFiles/cmTC_ffd69.dir/build.make CMakeFiles/cmTC_ffd69.dir/build
make[1]: Entering directory '/home/lone-pine/work/new-cities/build/CMakeFiles/CMakeTmp'
Building C object CMakeFiles/cmTC_ffd69.dir/CheckFunctionExists.c.o
/usr/bin/cc    -DCHECK_FUNCTION_EXISTS=connect   -o CMakeFiles/cmTC_ffd69.dir/CheckFunctionExists.c.o   -c /usr/share/cmake-3.5/Modules/CheckFunctionExists.c
Linking C executable cmTC_ffd69
/usr/bin/cmake -E cmake_link_script CMakeFiles/cmTC_ffd69.dir/link.txt --verbose=1
/usr/bin/cc   -DCHECK_FUNCTION_EXISTS=connect    CMakeFiles/cmTC_ffd69.dir/CheckFunctionExists.c.o  -o cmTC_ffd69 -rdynamic 
make[1]: Leaving directory '/home/lone-pine/work/new-cities/build/CMakeFiles/CMakeTmp'


Determining if the function remove exists passed with the following output:
Change Dir: /home/lone-pine/work/new-cities/build/CMakeFiles/CMakeTmp

Run Build Command:"/usr/bin/make" "cmTC_1aad2/fast"
/usr/bin/make -f CMakeFiles/cmTC_1aad2.dir/build.make CMakeFiles/cmTC_1aad2.dir/build
make[1]: Entering directory '/home/lone-pine/work/new-cities/build/CMakeFiles/CMakeTmp'
Building C object CMakeFiles/cmTC_1aad2.dir/CheckFunctionExists.c.o
/usr/bin/cc    -DCHECK_FUNCTION_EXISTS=remove   -o CMakeFiles/cmTC_1aad2.dir/CheckFunctionExists.c.o   -c /usr/share/cmake-3.5/Modules/CheckFunctionExists.c
Linking C executable cmTC_1aad2
/usr/bin/cmake -E cmake_link_script CMakeFiles/cmTC_1aad2.dir/link.txt --verbose=1
/usr/bin/cc   -DCHECK_FUNCTION_EXISTS=remove    CMakeFiles/cmTC_1aad2.dir/CheckFunctionExists.c.o  -o cmTC_1aad2 -rdynamic 
make[1]: Leaving directory '/home/lone-pine/work/new-cities/build/CMakeFiles/CMakeTmp'


Determining if the function shmat exists passed with the following output:
Change Dir: /home/lone-pine/work/new-cities/build/CMakeFiles/CMakeTmp

Run Build Command:"/usr/bin/make" "cmTC_e1124/fast"
/usr/bin/make -f CMakeFiles/cmTC_e1124.dir/build.make CMakeFiles/cmTC_e1124.dir/build
make[1]: Entering directory '/home/lone-pine/work/new-cities/build/CMakeFiles/CMakeTmp'
Building C object CMakeFiles/cmTC_e1124.dir/CheckFunctionExists.c.o
/usr/bin/cc    -DCHECK_FUNCTION_EXISTS=shmat   -o CMakeFiles/cmTC_e1124.dir/CheckFunctionExists.c.o   -c /usr/share/cmake-3.5/Modules/CheckFunctionExists.c
Linking C executable cmTC_e1124
/usr/bin/cmake -E cmake_link_script CMakeFiles/cmTC_e1124.dir/link.txt --verbose=1
/usr/bin/cc   -DCHECK_FUNCTION_EXISTS=shmat    CMakeFiles/cmTC_e1124.dir/CheckFunctionExists.c.o  -o cmTC_e1124 -rdynamic 
make[1]: Leaving directory '/home/lone-pine/work/new-cities/build/CMakeFiles/CMakeTmp'


Determining if the function IceConnectionNumber exists in the ICE passed with the following output:
Change Dir: /home/lone-pine/work/new-cities/build/CMakeFiles/CMakeTmp

Run Build Command:"/usr/bin/make" "cmTC_389d6/fast"
/usr/bin/make -f CMakeFiles/cmTC_389d6.dir/build.make CMakeFiles/cmTC_389d6.dir/build
make[1]: Entering directory '/home/lone-pine/work/new-cities/build/CMakeFiles/CMakeTmp'
Building C object CMakeFiles/cmTC_389d6.dir/CheckFunctionExists.c.o
/usr/bin/cc    -DCHECK_FUNCTION_EXISTS=IceConnectionNumber   -o CMakeFiles/cmTC_389d6.dir/CheckFunctionExists.c.o   -c /usr/share/cmake-3.5/Modules/CheckFunctionExists.c
Linking C executable cmTC_389d6
/usr/bin/cmake -E cmake_link_script CMakeFiles/cmTC_389d6.dir/link.txt --verbose=1
/usr/bin/cc   -DCHECK_FUNCTION_EXISTS=IceConnectionNumber    CMakeFiles/cmTC_389d6.dir/CheckFunctionExists.c.o  -o cmTC_389d6 -rdynamic -lICE 
make[1]: Leaving directory '/home/lone-pine/work/new-cities/build/CMakeFiles/CMakeTmp'


Determining if the include file sys/types.h exists passed with the following output:
Change Dir: /home/lone-pine/work/new-cities/build/CMakeFiles/CMakeTmp

Run Build Command:"/usr/bin/make" "cmTC_06cc8/fast"
/usr/bin/make -f CMakeFiles/cmTC_06cc8.dir/build.make CMakeFiles/cmTC_06cc8.dir/build
make[1]: Entering directory '/home/lone-pine/work/new-cities/build/CMakeFiles/CMakeTmp'
Building C object CMakeFiles/cmTC_06cc8.dir/CheckIncludeFile.c.o
/usr/bin/cc     -o CMakeFiles/cmTC_06cc8.dir/CheckIncludeFile.c.o   -c /home/lone-pine/work/new-cities/build/CMakeFiles/CMakeTmp/CheckIncludeFile.c
Linking C executable cmTC_06cc8
/usr/bin/cmake -E cmake_link_script CMakeFiles/cmTC_06cc8.dir/link.txt --verbose=1
/usr/bin/cc       CMakeFiles/cmTC_06cc8.dir/CheckIncludeFile.c.o  -o cmTC_06cc8 -rdynamic 
make[1]: Leaving directory '/home/lone-pine/work/new-cities/build/CMakeFiles/CMakeTmp'


Determining if the include file stdint.h exists passed with the following output:
Change Dir: /home/lone-pine/work/new-cities/build/CMakeFiles/CMakeTmp

Run Build Command:"/usr/bin/make" "cmTC_34de5/fast"
/usr/bin/make -f CMakeFiles/cmTC_34de5.dir/build.make CMakeFiles/cmTC_34de5.dir/build
make[1]: Entering directory '/home/lone-pine/work/new-cities/build/CMakeFiles/CMakeTmp'
Building C object CMakeFiles/cmTC_34de5.dir/CheckIncludeFile.c.o
/usr/bin/cc     -o CMakeFiles/cmTC_34de5.dir/CheckIncludeFile.c.o   -c /home/lone-pine/work/new-cities/build/CMakeFiles/CMakeTmp/CheckIncludeFile.c
Linking C executable cmTC_34de5
/usr/bin/cmake -E cmake_link_script CMakeFiles/cmTC_34de5.dir/link.txt --verbose=1
/usr/bin/cc       CMakeFiles/cmTC_34de5.dir/CheckIncludeFile.c.o  -o cmTC_34de5 -rdynamic 
make[1]: Leaving directory '/home/lone-pine/work/new-cities/build/CMakeFiles/CMakeTmp'


Determining if the include file stddef.h exists passed with the following output:
Change Dir: /home/lone-pine/work/new-cities/build/CMakeFiles/CMakeTmp

Run Build Command:"/usr/bin/make" "cmTC_874c4/fast"
/usr/bin/make -f CMakeFiles/cmTC_874c4.dir/build.make CMakeFiles/cmTC_874c4.dir/build
make[1]: Entering directory '/home/lone-pine/work/new-cities/build/CMakeFiles/CMakeTmp'
Building C object CMakeFiles/cmTC_874c4.dir/CheckIncludeFile.c.o
/usr/bin/cc     -o CMakeFiles/cmTC_874c4.dir/CheckIncludeFile.c.o   -c /home/lone-pine/work/new-cities/build/CMakeFiles/CMakeTmp/CheckIncludeFile.c
Linking C executable cmTC_874c4
/usr/bin/cmake -E cmake_link_script CMakeFiles/cmTC_874c4.dir/link.txt --verbose=1
/usr/bin/cc       CMakeFiles/cmTC_874c4.dir/CheckIncludeFile.c.o  -o cmTC_874c4 -rdynamic 
make[1]: Leaving directory '/home/lone-pine/work/new-cities/build/CMakeFiles/CMakeTmp'


Determining size of off64_t passed with the following output:
Change Dir: /home/lone-pine/work/new-cities/build/CMakeFiles/CMakeTmp

Run Build Command:"/usr/bin/make" "cmTC_f8798/fast"
/usr/bin/make -f CMakeFiles/cmTC_f8798.dir/build.make CMakeFiles/cmTC_f8798.dir/build
make[1]: Entering directory '/home/lone-pine/work/new-cities/build/CMakeFiles/CMakeTmp'
Building C object CMakeFiles/cmTC_f8798.dir/OFF64_T.c.o
/usr/bin/cc  -DHAVE_STDDEF_H -DHAVE_STDINT_H -DHAVE_SYS_TYPES_H -D_LARGEFILE64_SOURCE=1   -o CMakeFiles/cmTC_f8798.dir/OFF64_T.c.o   -c /home/lone-pine/work/new-cities/build/CMakeFiles/CheckTypeSize/OFF64_T.c
Linking C executable cmTC_f8798
/usr/bin/cmake -E cmake_link_script CMakeFiles/cmTC_f8798.dir/link.txt --verbose=1
/usr/bin/cc       CMakeFiles/cmTC_f8798.dir/OFF64_T.c.o  -o cmTC_f8798 -rdynamic 
make[1]: Leaving directory '/home/lone-pine/work/new-cities/build/CMakeFiles/CMakeTmp'


Determining if the function fseeko exists passed with the following output:
Change Dir: /home/lone-pine/work/new-cities/build/CMakeFiles/CMakeTmp

Run Build Command:"/usr/bin/make" "cmTC_b84e9/fast"
/usr/bin/make -f CMakeFiles/cmTC_b84e9.dir/build.make CMakeFiles/cmTC_b84e9.dir/build
make[1]: Entering directory '/home/lone-pine/work/new-cities/build/CMakeFiles/CMakeTmp'
Building C object CMakeFiles/cmTC_b84e9.dir/CheckFunctionExists.c.o
/usr/bin/cc    -DCHECK_FUNCTION_EXISTS=fseeko   -o CMakeFiles/cmTC_b84e9.dir/CheckFunctionExists.c.o   -c /usr/share/cmake-3.5/Modules/CheckFunctionExists.c
Linking C executable cmTC_b84e9
/usr/bin/cmake -E cmake_link_script CMakeFiles/cmTC_b84e9.dir/link.txt --verbose=1
/usr/bin/cc   -DCHECK_FUNCTION_EXISTS=fseeko    CMakeFiles/cmTC_b84e9.dir/CheckFunctionExists.c.o  -o cmTC_b84e9 -rdynamic 
make[1]: Leaving directory '/home/lone-pine/work/new-cities/build/CMakeFiles/CMakeTmp'


Determining if the include file unistd.h exists passed with the following output:
Change Dir: /home/lone-pine/work/new-cities/build/CMakeFiles/CMakeTmp

Run Build Command:"/usr/bin/make" "cmTC_2efcb/fast"
/usr/bin/make -f CMakeFiles/cmTC_2efcb.dir/build.make CMakeFiles/cmTC_2efcb.dir/build
make[1]: Entering directory '/home/lone-pine/work/new-cities/build/CMakeFiles/CMakeTmp'
Building C object CMakeFiles/cmTC_2efcb.dir/CheckIncludeFile.c.o
/usr/bin/cc     -o CMakeFiles/cmTC_2efcb.dir/CheckIncludeFile.c.o   -c /home/lone-pine/work/new-cities/build/CMakeFiles/CMakeTmp/CheckIncludeFile.c
Linking C executable cmTC_2efcb
/usr/bin/cmake -E cmake_link_script CMakeFiles/cmTC_2efcb.dir/link.txt --verbose=1
/usr/bin/cc       CMakeFiles/cmTC_2efcb.dir/CheckIncludeFile.c.o  -o cmTC_2efcb -rdynamic 
make[1]: Leaving directory '/home/lone-pine/work/new-cities/build/CMakeFiles/CMakeTmp'


